<?xml version="1.0" encoding="UTF-8"?>
<testsuite xmlns:xsi="http://www.w3.org/2001/XMLSchema-instance" xsi:noNamespaceSchemaLocation="https://maven.apache.org/surefire/maven-surefire-plugin/xsd/surefire-test-report.xsd" name="com.baidu.AppTest" time="0.043" tests="1" errors="0" skipped="0" failures="0">
  <properties>
    <property name="sun.desktop" value="windows"/>
    <property name="awt.toolkit" value="sun.awt.windows.WToolkit"/>
    <property name="file.encoding.pkg" value="sun.io"/>
    <property name="java.specification.version" value="1.8"/>
    <property name="sun.cpu.isalist" value="amd64"/>
    <property name="sun.jnu.encoding" value="GBK"/>
    <property name="java.class.path" value="D:\code\iserver\parent\manager\serviceimpl\target\test-classes;D:\code\iserver\parent\manager\serviceimpl\target\classes;C:\Users\dell\.m2\repository\junit\junit\4.11\junit-4.11.jar;C:\Users\dell\.m2\repository\org\hamcrest\hamcrest-core\1.3\hamcrest-core-1.3.jar;D:\code\iserver\parent\manager\service\target\service-1.0-SNAPSHOT.jar;D:\code\iserver\parent\manager\dao\target\dao-1.0-SNAPSHOT.jar;D:\code\iserver\parent\manager\daoimpl\target\daoimpl-1.0-SNAPSHOT.jar;C:\Users\dell\.m2\repository\org\springframework\spring-web\4.2.6.RELEASE\spring-web-4.2.6.RELEASE.jar;C:\Users\dell\.m2\repository\org\springframework\spring-beans\4.2.6.RELEASE\spring-beans-4.2.6.RELEASE.jar;C:\Users\dell\.m2\repository\org\springframework\spring-core\4.2.6.RELEASE\spring-core-4.2.6.RELEASE.jar;C:\Users\dell\.m2\repository\commons-logging\commons-logging\1.2\commons-logging-1.2.jar;C:\Users\dell\.m2\repository\org\springframework\spring-webmvc\4.2.6.RELEASE\spring-webmvc-4.2.6.RELEASE.jar;C:\Users\dell\.m2\repository\org\springframework\spring-expression\4.2.6.RELEASE\spring-expression-4.2.6.RELEASE.jar;C:\Users\dell\.m2\repository\org\springframework\spring-context\4.2.6.RELEASE\spring-context-4.2.6.RELEASE.jar;C:\Users\dell\.m2\repository\org\springframework\spring-aop\4.2.6.RELEASE\spring-aop-4.2.6.RELEASE.jar;C:\Users\dell\.m2\repository\aopalliance\aopalliance\1.0\aopalliance-1.0.jar;C:\Users\dell\.m2\repository\org\aspectj\aspectjweaver\1.8.7\aspectjweaver-1.8.7.jar;C:\Users\dell\.m2\repository\org\springframework\spring-tx\4.2.6.RELEASE\spring-tx-4.2.6.RELEASE.jar;C:\Users\dell\.m2\repository\com\alibaba\dubbo\2.5.3\dubbo-2.5.3.jar;C:\Users\dell\.m2\repository\org\javassist\javassist\3.15.0-GA\javassist-3.15.0-GA.jar;C:\Users\dell\.m2\repository\org\jboss\netty\netty\3.2.5.Final\netty-3.2.5.Final.jar;C:\Users\dell\.m2\repository\com\github\sgroschupf\zkclient\0.1\zkclient-0.1.jar;C:\Users\dell\.m2\repository\org\apache\zookeeper\zookeeper\3.3.3\zookeeper-3.3.3.jar;C:\Users\dell\.m2\repository\jline\jline\0.9.94\jline-0.9.94.jar;C:\Users\dell\.m2\repository\log4j\log4j\1.2.14\log4j-1.2.14.jar;C:\Users\dell\.m2\repository\com\fasterxml\jackson\core\jackson-core\2.9.6\jackson-core-2.9.6.jar;C:\Users\dell\.m2\repository\com\fasterxml\jackson\core\jackson-annotations\2.9.6\jackson-annotations-2.9.6.jar;C:\Users\dell\.m2\repository\com\fasterxml\jackson\core\jackson-databind\2.9.6\jackson-databind-2.9.6.jar;"/>
    <property name="java.vm.vendor" value="Oracle Corporation"/>
    <property name="sun.arch.data.model" value="64"/>
    <property name="user.variant" value=""/>
    <property name="java.vendor.url" value="http://java.oracle.com/"/>
    <property name="user.timezone" value="Asia/Shanghai"/>
    <property name="java.vm.specification.version" value="1.8"/>
    <property name="os.name" value="Windows 10"/>
    <property name="user.country" value="CN"/>
    <property name="sun.java.launcher" value="SUN_STANDARD"/>
    <property name="sun.boot.library.path" value="D:\java\jdk1.8.0_60\jre\bin"/>
    <property name="sun.java.command" value="C:\Users\dell\AppData\Local\Temp\surefire5722608680283294483\surefirebooter8595949774721003639.jar C:\Users\dell\AppData\Local\Temp\surefire5722608680283294483 2020-05-11T23-34-52_286-jvmRun1 surefire6117038304636069989tmp surefire_37031977452379604867tmp"/>
    <property name="surefire.test.class.path" value="D:\code\iserver\parent\manager\serviceimpl\target\test-classes;D:\code\iserver\parent\manager\serviceimpl\target\classes;C:\Users\dell\.m2\repository\junit\junit\4.11\junit-4.11.jar;C:\Users\dell\.m2\repository\org\hamcrest\hamcrest-core\1.3\hamcrest-core-1.3.jar;D:\code\iserver\parent\manager\service\target\service-1.0-SNAPSHOT.jar;D:\code\iserver\parent\manager\dao\target\dao-1.0-SNAPSHOT.jar;D:\code\iserver\parent\manager\daoimpl\target\daoimpl-1.0-SNAPSHOT.jar;C:\Users\dell\.m2\repository\org\springframework\spring-web\4.2.6.RELEASE\spring-web-4.2.6.RELEASE.jar;C:\Users\dell\.m2\repository\org\springframework\spring-beans\4.2.6.RELEASE\spring-beans-4.2.6.RELEASE.jar;C:\Users\dell\.m2\repository\org\springframework\spring-core\4.2.6.RELEASE\spring-core-4.2.6.RELEASE.jar;C:\Users\dell\.m2\repository\commons-logging\commons-logging\1.2\commons-logging-1.2.jar;C:\Users\dell\.m2\repository\org\springframework\spring-webmvc\4.2.6.RELEASE\spring-webmvc-4.2.6.RELEASE.jar;C:\Users\dell\.m2\repository\org\springframework\spring-expression\4.2.6.RELEASE\spring-expression-4.2.6.RELEASE.jar;C:\Users\dell\.m2\repository\org\springframework\spring-context\4.2.6.RELEASE\spring-context-4.2.6.RELEASE.jar;C:\Users\dell\.m2\repository\org\springframework\spring-aop\4.2.6.RELEASE\spring-aop-4.2.6.RELEASE.jar;C:\Users\dell\.m2\repository\aopalliance\aopalliance\1.0\aopalliance-1.0.jar;C:\Users\dell\.m2\repository\org\aspectj\aspectjweaver\1.8.7\aspectjweaver-1.8.7.jar;C:\Users\dell\.m2\repository\org\springframework\spring-tx\4.2.6.RELEASE\spring-tx-4.2.6.RELEASE.jar;C:\Users\dell\.m2\repository\com\alibaba\dubbo\2.5.3\dubbo-2.5.3.jar;C:\Users\dell\.m2\repository\org\javassist\javassist\3.15.0-GA\javassist-3.15.0-GA.jar;C:\Users\dell\.m2\repository\org\jboss\netty\netty\3.2.5.Final\netty-3.2.5.Final.jar;C:\Users\dell\.m2\repository\com\github\sgroschupf\zkclient\0.1\zkclient-0.1.jar;C:\Users\dell\.m2\repository\org\apache\zookeeper\zookeeper\3.3.3\zookeeper-3.3.3.jar;C:\Users\dell\.m2\repository\jline\jline\0.9.94\jline-0.9.94.jar;C:\Users\dell\.m2\repository\log4j\log4j\1.2.14\log4j-1.2.14.jar;C:\Users\dell\.m2\repository\com\fasterxml\jackson\core\jackson-core\2.9.6\jackson-core-2.9.6.jar;C:\Users\dell\.m2\repository\com\fasterxml\jackson\core\jackson-annotations\2.9.6\jackson-annotations-2.9.6.jar;C:\Users\dell\.m2\repository\com\fasterxml\jackson\core\jackson-databind\2.9.6\jackson-databind-2.9.6.jar;"/>
    <property name="sun.cpu.endian" value="little"/>
    <property name="user.home" value="C:\Users\dell"/>
    <property name="user.language" value="zh"/>
    <property name="java.specification.vendor" value="Oracle Corporation"/>
    <property name="idea.version2019.2.2" value="true"/>
    <property name="java.home" value="D:\java\jdk1.8.0_60\jre"/>
    <property name="basedir" value="D:\code\iserver\parent\manager\serviceimpl"/>
    <property name="file.separator" value="\"/>
    <property name="line.separator" value="&#10;"/>
    <property name="java.vm.specification.vendor" value="Oracle Corporation"/>
    <property name="java.specification.name" value="Java Platform API Specification"/>
    <property name="java.awt.graphicsenv" value="sun.awt.Win32GraphicsEnvironment"/>
    <property name="surefire.real.class.path" value="C:\Users\dell\AppData\Local\Temp\surefire5722608680283294483\surefirebooter8595949774721003639.jar"/>
    <property name="sun.boot.class.path" value="D:\java\jdk1.8.0_60\jre\lib\resources.jar;D:\java\jdk1.8.0_60\jre\lib\rt.jar;D:\java\jdk1.8.0_60\jre\lib\sunrsasign.jar;D:\java\jdk1.8.0_60\jre\lib\jsse.jar;D:\java\jdk1.8.0_60\jre\lib\jce.jar;D:\java\jdk1.8.0_60\jre\lib\charsets.jar;D:\java\jdk1.8.0_60\jre\lib\jfr.jar;D:\java\jdk1.8.0_60\jre\classes"/>
    <property name="user.script" value=""/>
    <property name="sun.management.compiler" value="HotSpot 64-Bit Tiered Compilers"/>
    <property name="java.runtime.version" value="1.8.0_60-b27"/>
    <property name="user.name" value="dell"/>
    <property name="path.separator" value=";"/>
    <property name="os.version" value="10.0"/>
    <property name="java.endorsed.dirs" value="D:\java\jdk1.8.0_60\jre\lib\endorsed"/>
    <property name="java.runtime.name" value="Java(TM) SE Runtime Environment"/>
    <property name="file.encoding" value="GBK"/>
    <property name="java.vm.name" value="Java HotSpot(TM) 64-Bit Server VM"/>
    <property name="localRepository" value="C:\Users\dell\.m2\repository"/>
    <property name="java.vendor.url.bug" value="http://bugreport.sun.com/bugreport/"/>
    <property name="java.io.tmpdir" value="C:\Users\dell\AppData\Local\Temp\"/>
    <property name="java.version" value="1.8.0_60"/>
    <property name="user.dir" value="D:\code\iserver\parent\manager\serviceimpl"/>
    <property name="os.arch" value="amd64"/>
    <property name="java.vm.specification.name" value="Java Virtual Machine Specification"/>
    <property name="java.awt.printerjob" value="sun.awt.windows.WPrinterJob"/>
    <property name="sun.os.patch.level" value=""/>
    <property name="java.library.path" value="D:\java\jdk1.8.0_60\jre\bin;C:\Windows\Sun\Java\bin;C:\Windows\system32;C:\Windows;D:\java\apache-maven-3.5.3\bin\;D:\java\jdk1.8.0_60\bin;C:\Windows\system32;C:\Windows;C:\Windows\System32\Wbem;C:\Windows\System32\WindowsPowerShell\v1.0\;C:\Program Files\TortoiseSVN\bin;E:\VScode\Microsoft VS Code\bin;C:\Program Files\Git\cmd;F:\bin;C:\Program Files\PuTTY\;C:\Users\dell\AppData\Roaming\Microsoft\Windows\Start Menu\Programs\Python 3.6;D:\python\Scripts\;D:\python\;C:\Users\dell\AppData\Local\Programs\Fiddler;E:\idea\IntelliJ IDEA 2019.2.2\bin;;."/>
    <property name="java.vm.info" value="mixed mode"/>
    <property name="java.vendor" value="Oracle Corporation"/>
    <property name="java.vm.version" value="25.60-b23"/>
    <property name="java.ext.dirs" value="D:\java\jdk1.8.0_60\jre\lib\ext;C:\Windows\Sun\Java\lib\ext"/>
    <property name="sun.io.unicode.encoding" value="UnicodeLittle"/>
    <property name="maven.repo.local" value="C:\Users\dell\.m2\repository"/>
    <property name="java.class.version" value="52.0"/>
  </properties>
  <testcase name="shouldAnswerWithTrue" classname="com.baidu.AppTest" time="0.002"/>
</testsuite>